<?xml version="1.0" encoding="UTF-8"?>
<!-- Generated by org.testng.reporters.JUnitReportReporter -->
<testsuite skipped="0" hostname="pc" name="com.qa.practice.SimpleAzurePipelineTest.SimpleBrowserTest" tests="2" failures="0" timestamp="18 Jul 2021 08:05:07 GMT" time="24.410" errors="0">
  <testcase name="googleTest" time="7.341" classname="com.qa.practice.SimpleAzurePipelineTest.SimpleBrowserTest"/>
  <testcase name="googleNewsTest" time="17.069" classname="com.qa.practice.SimpleAzurePipelineTest.SimpleBrowserTest"/>
</testsuite> <!-- com.qa.practice.SimpleAzurePipelineTest.SimpleBrowserTest -->
